c:\users\86138\desktop\vs项目\consoleapplication1\x64\debug\vc143.pdb
c:\users\86138\desktop\vs项目\consoleapplication1\x64\debug\vc143.idb
c:\users\86138\desktop\vs项目\consoleapplication1\x64\debug\menu.obj
c:\users\86138\desktop\vs项目\consoleapplication1\x64\debug\main.obj
c:\users\86138\desktop\vs项目\consoleapplication1\x64\debug\console_settings.obj
c:\users\86138\desktop\vs项目\consoleapplication1\x64\debug\game.obj
c:\users\86138\desktop\vs项目\consoleapplication1\x64\debug\game.exe
c:\users\86138\desktop\vs项目\consoleapplication1\x64\debug\game.ilk
c:\users\86138\desktop\vs项目\consoleapplication1\x64\debug\game.pdb
c:\users\86138\desktop\vs项目\consoleapplication1\x64\debug\ballflatthrow.obj
c:\users\86138\desktop\vs项目\consoleapplication1\x64\debug\gameboard.obj
c:\users\86138\desktop\vs项目\consoleapplication1\x64\debug\gamefunction.obj
c:\users\86138\desktop\vs项目\consoleapplication1\x64\debug\模拟小球平抛.obj
c:\users\86138\desktop\vs项目\consoleapplication1\x64\debug\game.obj.enc
c:\users\86138\desktop\vs项目\consoleapplication1\x64\debug\consoleapplication1.ilk
c:\users\86138\desktop\vs项目\consoleapplication1\x64\debug\consoleapplication1.pdb
c:\users\86138\desktop\vs项目\consoleapplication1\x64\debug\game.tlog\cl.command.1.tlog
c:\users\86138\desktop\vs项目\consoleapplication1\x64\debug\game.tlog\cl.read.1.tlog
c:\users\86138\desktop\vs项目\consoleapplication1\x64\debug\game.tlog\cl.write.1.tlog
c:\users\86138\desktop\vs项目\consoleapplication1\x64\debug\game.tlog\link.command.1.tlog
c:\users\86138\desktop\vs项目\consoleapplication1\x64\debug\game.tlog\link.read.1.tlog
c:\users\86138\desktop\vs项目\consoleapplication1\x64\debug\game.tlog\link.write.1.tlog
